{"D:\\Dagoos\\apps\\api\\security\\permissions.js": {"path":"D:\\Dagoos\\apps\\api\\security\\permissions.js","statementMap":{"0":{"start":{"line":1,"column":20},"end":{"line":74,"column":2}},"1":{"start":{"line":76,"column":0},"end":{"line":78,"column":2}}},"fnMap":{},"branchMap":{},"s":{"0":1,"1":1},"f":{},"b":{},"_coverageSchema":"1a1c01bbd47fc00a2c39e90264f33305004495a9","hash":"97783b646926a9d0abd24239d411976aede3c91c"}
,"D:\\Dagoos\\apps\\api\\security\\roles.js": {"path":"D:\\Dagoos\\apps\\api\\security\\roles.js","statementMap":{"0":{"start":{"line":1,"column":24},"end":{"line":1,"column":48}},"1":{"start":{"line":3,"column":14},"end":{"line":234,"column":2}},"2":{"start":{"line":237,"column":2},"end":{"line":237,"column":27}},"3":{"start":{"line":241,"column":2},"end":{"line":241,"column":55}},"4":{"start":{"line":244,"column":0},"end":{"line":248,"column":2}}},"fnMap":{"0":{"name":"getRolePermissions","decl":{"start":{"line":236,"column":9},"end":{"line":236,"column":27}},"loc":{"start":{"line":236,"column":34},"end":{"line":238,"column":1}},"line":236},"1":{"name":"hasPermission","decl":{"start":{"line":240,"column":9},"end":{"line":240,"column":22}},"loc":{"start":{"line":240,"column":41},"end":{"line":242,"column":1}},"line":240}},"branchMap":{"0":{"loc":{"start":{"line":237,"column":9},"end":{"line":237,"column":26}},"type":"binary-expr","locations":[{"start":{"line":237,"column":9},"end":{"line":237,"column":20}},{"start":{"line":237,"column":24},"end":{"line":237,"column":26}}],"line":237}},"s":{"0":1,"1":1,"2":0,"3":0,"4":1},"f":{"0":0,"1":0},"b":{"0":[0,0]},"_coverageSchema":"1a1c01bbd47fc00a2c39e90264f33305004495a9","hash":"1580c0007efd50494fdf8117477592254834148d"}
,"D:\\Dagoos\\apps\\api\\security\\scopes.js": {"path":"D:\\Dagoos\\apps\\api\\security\\scopes.js","statementMap":{"0":{"start":{"line":1,"column":15},"end":{"line":5,"column":2}},"1":{"start":{"line":8,"column":2},"end":{"line":10,"column":3}},"2":{"start":{"line":9,"column":4},"end":{"line":9,"column":16}},"3":{"start":{"line":12,"column":2},"end":{"line":28,"column":3}},"4":{"start":{"line":14,"column":6},"end":{"line":14,"column":27}},"5":{"start":{"line":17,"column":6},"end":{"line":17,"column":27}},"6":{"start":{"line":21,"column":6},"end":{"line":21,"column":33}},"7":{"start":{"line":24,"column":6},"end":{"line":24,"column":25}},"8":{"start":{"line":27,"column":6},"end":{"line":27,"column":18}},"9":{"start":{"line":31,"column":0},"end":{"line":34,"column":2}}},"fnMap":{"0":{"name":"getUserScope","decl":{"start":{"line":7,"column":9},"end":{"line":7,"column":21}},"loc":{"start":{"line":7,"column":28},"end":{"line":29,"column":1}},"line":7}},"branchMap":{"0":{"loc":{"start":{"line":8,"column":2},"end":{"line":10,"column":3}},"type":"if","locations":[{"start":{"line":8,"column":2},"end":{"line":10,"column":3}},{"start":{},"end":{}}],"line":8},"1":{"loc":{"start":{"line":8,"column":6},"end":{"line":8,"column":25}},"type":"binary-expr","locations":[{"start":{"line":8,"column":6},"end":{"line":8,"column":11}},{"start":{"line":8,"column":15},"end":{"line":8,"column":25}}],"line":8},"2":{"loc":{"start":{"line":12,"column":2},"end":{"line":28,"column":3}},"type":"switch","locations":[{"start":{"line":13,"column":4},"end":{"line":14,"column":27}},{"start":{"line":16,"column":4},"end":{"line":17,"column":27}},{"start":{"line":19,"column":4},"end":{"line":19,"column":25}},{"start":{"line":20,"column":4},"end":{"line":21,"column":33}},{"start":{"line":23,"column":4},"end":{"line":24,"column":25}},{"start":{"line":26,"column":4},"end":{"line":27,"column":18}}],"line":12}},"s":{"0":1,"1":6,"2":0,"3":6,"4":1,"5":1,"6":2,"7":1,"8":1,"9":1},"f":{"0":6},"b":{"0":[0,6],"1":[6,6],"2":[1,1,1,2,1,1]},"_coverageSchema":"1a1c01bbd47fc00a2c39e90264f33305004495a9","hash":"bc6ba38615efdaa1f90ac4ade55d74b348130c9b"}
}
