TN:
SF:security\permissions.js
FNF:0
FNH:0
DA:1,1
DA:76,1
LF:2
LH:2
BRF:0
BRH:0
end_of_record
TN:
SF:security\roles.js
FN:236,getRolePermissions
FN:240,hasPermission
FNF:2
FNH:0
FNDA:0,getRolePermissions
FNDA:0,hasPermission
DA:1,1
DA:3,1
DA:237,0
DA:241,0
DA:244,1
LF:5
LH:3
BRDA:237,0,0,0
BRDA:237,0,1,0
BRF:2
BRH:0
end_of_record
TN:
SF:security\scopes.js
FN:7,getUserScope
FNF:1
FNH:1
FNDA:6,getUserScope
DA:1,1
DA:8,6
DA:9,0
DA:12,6
DA:14,1
DA:17,1
DA:21,2
DA:24,1
DA:27,1
DA:31,1
LF:10
LH:9
BRDA:8,0,0,0
BRDA:8,0,1,6
BRDA:8,1,0,6
BRDA:8,1,1,6
BRDA:12,2,0,1
BRDA:12,2,1,1
BRDA:12,2,2,1
BRDA:12,2,3,2
BRDA:12,2,4,1
BRDA:12,2,5,1
BRF:10
BRH:9
end_of_record
